2022-12-26 16:29:51.900 site urlhttps://itdvn.sharepoint.com/sites/iWater
2022-12-26 16:29:51.928 Login itdsw.info@itd.com.vn
2022-12-26 16:29:51.928 securePassword: System.Security.SecureString
2022-12-26 16:30:07.473 Pass 
2022-12-26 17:00:32.194 site urlhttps://itdvn.sharepoint.com/sites/iWater
2022-12-26 17:00:32.210 Login itdsw.info@itd.com.vn
2022-12-26 17:00:32.210 securePassword: System.Security.SecureString
2022-12-26 17:00:36.007 Pass 
2022-12-26 17:02:33.721 site urlhttps://itdvn.sharepoint.com/sites/iWater
2022-12-26 17:02:33.747 Login itdsw.info@itd.com.vn
2022-12-26 17:02:33.747 securePassword: System.Security.SecureString
2022-12-26 17:02:34.618 Pass 
2022-12-26 17:05:09.227 site urlhttps://itdvn.sharepoint.com/sites/iWater
2022-12-26 17:05:09.260 Login itdsw.info@itd.com.vn
2022-12-26 17:05:09.260 securePassword: System.Security.SecureString
2022-12-26 17:05:10.252 Pass 
2022-12-26 17:10:06.502 site urlhttps://itdvn.sharepoint.com/sites/iWater
2022-12-26 17:10:06.516 Login itdsw.info@itd.com.vn
2022-12-26 17:10:06.516 securePassword: System.Security.SecureString
2022-12-26 17:10:07.090 Pass 
2022-12-26 17:14:04.666 site urlhttps://itdvn.sharepoint.com/sites/iWater
2022-12-26 17:14:04.682 Login itdsw.info@itd.com.vn
2022-12-26 17:14:04.682 securePassword: System.Security.SecureString
2022-12-26 17:14:04.682 securePassword: 13
2022-12-26 17:14:05.145 Pass 
