2022-12-27 08:49:31.398 site urlhttps://itdvn.sharepoint.com/sites/iWater
2022-12-27 08:49:31.412 Login itdsw.info@itd.com.vn
2022-12-27 08:49:31.412 securePassword: System.Security.SecureString
2022-12-27 08:49:31.412 securePassword: 13
2022-12-27 08:49:32.416 Pass 
2022-12-27 09:04:37.956 site urlhttps://itdvn.sharepoint.com/sites/iWater
2022-12-27 09:04:37.971 Login itdsw.info@itd.com.vn
2022-12-27 09:04:37.971 securePassword: System.Security.SecureString
2022-12-27 09:04:37.971 securePassword: 14
2022-12-27 09:04:46.607 site urlhttps://itdvn.sharepoint.com/sites/iWater
2022-12-27 09:04:46.607 Login itdsw.info@itd.com.vn
2022-12-27 09:04:46.607 securePassword: System.Security.SecureString
2022-12-27 09:04:46.607 securePassword: 14
2022-12-27 13:50:23.854 site urlhttps://itdvn.sharepoint.com/sites/iWater
2022-12-27 13:50:23.869 Login itdsw.info@itd.com.vn
2022-12-27 13:50:23.869 securePassword: System.Security.SecureString
2022-12-27 13:50:23.869 securePassword: 13
2022-12-27 13:50:24.528 Pass 
2022-12-27 13:51:38.565 site urlhttps://itdvn.sharepoint.com/sites/iWater
2022-12-27 13:51:38.565 Login itdsw.info@itd.com.vn
2022-12-27 13:51:38.565 securePassword: System.Security.SecureString
2022-12-27 13:51:38.565 securePassword: 13
2022-12-27 13:51:38.817 Pass 
2022-12-27 14:33:01.075 site urlhttps://itdvn.sharepoint.com/sites/iWater
2022-12-27 14:33:01.088 Login itdsw.info@itd.com.vn
2022-12-27 14:33:01.088 securePassword: System.Security.SecureString
2022-12-27 14:33:01.088 securePassword: 13
2022-12-27 14:33:01.528 Pass 
