2022-12-30 09:47:59.159 site urlasd
2022-12-30 09:47:59.172 Login asd
2022-12-30 09:47:59.172 securePassword: System.Security.SecureString
2022-12-30 09:47:59.172 securePassword: 3
2022-12-30 09:48:55.471 site urlhttps://itdvn.sharepoint.com/sites/iWater
2022-12-30 09:48:55.471 Login itdsw.info@itd.com.vn
2022-12-30 09:48:55.471 securePassword: System.Security.SecureString
2022-12-30 09:48:55.471 securePassword: 13
2022-12-30 09:48:55.921 Pass 
2022-12-30 09:53:54.375 site urlhttps://itdvn.sharepoint.com/sites/iWater
2022-12-30 09:53:54.388 Login itdsw.info@itd.com.vn
2022-12-30 09:53:54.388 securePassword: System.Security.SecureString
2022-12-30 09:53:54.388 securePassword: 13
2022-12-30 09:53:55.334 Pass 
2022-12-30 09:54:13.098 site urlhttps://itdvn.sharepoint.com/sites/iWater
2022-12-30 09:54:13.098 Login itdsw.info@itd.com.vn
2022-12-30 09:54:13.098 securePassword: System.Security.SecureString
2022-12-30 09:54:13.098 securePassword: 13
2022-12-30 09:54:13.705 Pass 
2022-12-30 09:54:34.553 site urlhttps://itdvn.sharepoint.com/sites/iWater
2022-12-30 09:54:34.554 Login itdsw.info@itd.com.vn
2022-12-30 09:54:34.554 securePassword: System.Security.SecureString
2022-12-30 09:54:34.554 securePassword: 13
2022-12-30 09:54:35.024 Pass 
